<?xml version="1.0" encoding="UTF-8"?>
<testsuite xmlns:xsi="http://www.w3.org/2001/XMLSchema-instance" xsi:noNamespaceSchemaLocation="https://maven.apache.org/surefire/maven-surefire-plugin/xsd/surefire-test-report-3.0.xsd" version="3.0" name="com.vaibhavi.function.TranslateFunctionTest" time="0.863" tests="1" errors="0" skipped="0" failures="0">
  <properties>
[...]
</properties>
  <testcase name="testTranslateFunction" classname="com.vaibhavi.function.TranslateFunctionTest" time="0.836">
    <system-err><![CDATA[Jul 10, 2025 7:22:51 AM com.vaibhavi.function.TranslateFunction run
SEVERE: Translation error: URI with undefined scheme
]]></system-err>
  </testcase>
</testsuite>